┉┉┉┉┉┉┉┉┉┉┉┉┉┉┉ Error Start ┉┉┉┉┉┉┉┉┉┉┉┉┉┉┉
 发生时间 : 2015-11-12 16:41:23,216 
 运行时间 : 231 
 错误类型 : [ERROR] 
 错误信息 : Error 
 所在文件 : c:\Users\admin\Documents\Visual Studio 2012\Projects\MvcLog4net\MvcLog4net\Log4netWrapper.cs 
 所在行号 : 58 
┉┉┉┉┉┉┉┉┉┉┉┉┉┉┉ Error End ┉┉┉┉┉┉┉┉┉┉┉┉┉┉┉┉
┉┉┉┉┉┉┉┉┉┉┉┉┉┉┉ Error Start ┉┉┉┉┉┉┉┉┉┉┉┉┉┉┉
 发生时间 : 2015-11-12 16:41:56,222 
 运行时间 : 52 
 错误类型 : [ERROR] 
 错误信息 : Error 
 所在文件 : c:\Users\admin\Documents\Visual Studio 2012\Projects\MvcLog4net\MvcLog4net\Log4netWrapper.cs 
 所在行号 : 58 
┉┉┉┉┉┉┉┉┉┉┉┉┉┉┉ Error End ┉┉┉┉┉┉┉┉┉┉┉┉┉┉┉┉
┉┉┉┉┉┉┉┉┉┉┉┉┉┉┉ Error Start ┉┉┉┉┉┉┉┉┉┉┉┉┉┉┉
 发生时间 : 2015-11-12 16:42:25,793 
 运行时间 : 54 
 错误类型 : [ERROR] 
 错误信息 : Error 
 所在文件 : c:\Users\admin\Documents\Visual Studio 2012\Projects\MvcLog4net\MvcLog4net\Log4netWrapper.cs 
 所在行号 : 58 
┉┉┉┉┉┉┉┉┉┉┉┉┉┉┉ Error End ┉┉┉┉┉┉┉┉┉┉┉┉┉┉┉┉
┉┉┉┉┉┉┉┉┉┉┉┉┉┉┉ Error Start ┉┉┉┉┉┉┉┉┉┉┉┉┉┉┉
 发生时间 : 2015-11-12 15:46:04,412 
 运行时间 : 127 
 错误类型 : [ERROR] 
 错误信息 : Error 
 所在文件 : c:\Users\admin\Documents\Visual Studio 2012\Projects\MvcLog4net\MvcLog4net\Log4netWrapper.cs 
 所在行号 : 58 
┉┉┉┉┉┉┉┉┉┉┉┉┉┉┉ Error End ┉┉┉┉┉┉┉┉┉┉┉┉┉┉┉┉
┉┉┉┉┉┉┉┉┉┉┉┉┉┉┉ Error Start ┉┉┉┉┉┉┉┉┉┉┉┉┉┉┉
 发生时间 : 2015-11-12 17:01:51,331 
 运行时间 : 56 
 错误类型 : [ERROR] 
 错误信息 : Error 
 所在文件 : c:\Users\admin\Documents\Visual Studio 2012\Projects\MvcLog4net\MvcLog4net\Log4netWrapper.cs 
 所在行号 : 58 
┉┉┉┉┉┉┉┉┉┉┉┉┉┉┉ Error End ┉┉┉┉┉┉┉┉┉┉┉┉┉┉┉┉
