┉┉┉┉┉┉┉┉┉┉┉┉┉┉┉ Error Start ┉┉┉┉┉┉┉┉┉┉┉┉┉┉┉
 发生时间 : 2015-11-13 09:28:06,013 
 运行时间 : 57 
 错误类型 : [ERROR] 
 错误信息 : Error 
 所在文件 : c:\Users\admin\Documents\Visual Studio 2012\Projects\MvcLog4net\MvcLog4net\Log4netWrapper.cs 
 所在行号 : 58 
┉┉┉┉┉┉┉┉┉┉┉┉┉┉┉ Error End ┉┉┉┉┉┉┉┉┉┉┉┉┉┉┉┉
┉┉┉┉┉┉┉┉┉┉┉┉┉┉┉ Error Start ┉┉┉┉┉┉┉┉┉┉┉┉┉┉┉
 发生时间 : 2015-11-13 09:35:29,897 
 运行时间 : 55 
 错误类型 : [ERROR] 
 错误信息 : Error 
 所在文件 : c:\Users\admin\Documents\Visual Studio 2012\Projects\MvcLog4net\MvcLog4net\Log4netWrapper.cs 
 所在行号 : 58 
┉┉┉┉┉┉┉┉┉┉┉┉┉┉┉ Error End ┉┉┉┉┉┉┉┉┉┉┉┉┉┉┉┉
┉┉┉┉┉┉┉┉┉┉┉┉┉┉┉ Error Start ┉┉┉┉┉┉┉┉┉┉┉┉┉┉┉
 发生时间 : 2015-11-13 09:35:30,871 
 运行时间 : 68 
 错误类型 : [ERROR] 
 错误信息 : Error 
 所在文件 : c:\Users\admin\Documents\Visual Studio 2012\Projects\MvcLog4net\MvcLog4net\Log4netWrapper.cs 
 所在行号 : 58 
┉┉┉┉┉┉┉┉┉┉┉┉┉┉┉ Error End ┉┉┉┉┉┉┉┉┉┉┉┉┉┉┉┉
┉┉┉┉┉┉┉┉┉┉┉┉┉┉┉ Error Start ┉┉┉┉┉┉┉┉┉┉┉┉┉┉┉
 发生时间 : 2015-11-13 09:35:50,089 
 运行时间 : 19286 
 错误类型 : [ERROR] 
 错误信息 : Error 
 所在文件 : c:\Users\admin\Documents\Visual Studio 2012\Projects\MvcLog4net\MvcLog4net\Log4netWrapper.cs 
 所在行号 : 58 
┉┉┉┉┉┉┉┉┉┉┉┉┉┉┉ Error End ┉┉┉┉┉┉┉┉┉┉┉┉┉┉┉┉
┉┉┉┉┉┉┉┉┉┉┉┉┉┉┉ Error Start ┉┉┉┉┉┉┉┉┉┉┉┉┉┉┉
 发生时间 : 2015-11-13 09:36:29,898 
 运行时间 : 52 
 错误类型 : [ERROR] 
 错误信息 : Error 
 所在文件 : c:\Users\admin\Documents\Visual Studio 2012\Projects\MvcLog4net\MvcLog4net\Log4netWrapper.cs 
 所在行号 : 58 
┉┉┉┉┉┉┉┉┉┉┉┉┉┉┉ Error End ┉┉┉┉┉┉┉┉┉┉┉┉┉┉┉┉
┉┉┉┉┉┉┉┉┉┉┉┉┉┉┉ Error Start ┉┉┉┉┉┉┉┉┉┉┉┉┉┉┉
 发生时间 : 2015-11-13 02:39:11,495 
 运行时间 : 54 
 错误类型 : [ERROR] 
 错误信息 : Error 
 所在文件 : c:\Users\admin\Documents\Visual Studio 2012\Projects\MvcLog4net\MvcLog4net\Log4netWrapper.cs 
 所在行号 : 58 
┉┉┉┉┉┉┉┉┉┉┉┉┉┉┉ Error End ┉┉┉┉┉┉┉┉┉┉┉┉┉┉┉┉
┉┉┉┉┉┉┉┉┉┉┉┉┉┉┉ Error Start ┉┉┉┉┉┉┉┉┉┉┉┉┉┉┉
 发生时间 : 2015-11-13 09:59:38,692 
 运行时间 : 53 
 错误类型 : [ERROR] 
 错误信息 : Error 
 所在文件 : c:\Users\admin\Documents\Visual Studio 2012\Projects\MvcLog4net\MvcLog4net\Log4netWrapper.cs 
 所在行号 : 58 
┉┉┉┉┉┉┉┉┉┉┉┉┉┉┉ Error End ┉┉┉┉┉┉┉┉┉┉┉┉┉┉┉┉
